2020-11-10 16:44:54:022 INFO: WebApi-SaveDataAcquisition param from body{"operator_name":null,"operator_time":null,"ip":null,"sign":null,"data":null}
2020-11-10 16:44:56:700 INFO: operator_name,sign
2020-11-10 16:49:31:062 INFO: WebApi-SaveDataAcquisition param from body{"operator_name":null,"operator_time":null,"ip":null,"sign":null,"data":null}
2020-11-10 16:49:32:874 INFO: operator_name,sign
2020-11-10 16:55:31:332 INFO: WebApi-SaveDataAcquisition param from body{"operator_name":null,"operator_time":null,"ip":null,"sign":null,"data":null}
2020-11-10 16:55:31:336 INFO: operator_name,sign
2020-11-10 16:57:23:959 INFO: WebApi-SaveDataAcquisition param from body{"operator_name":null,"operator_time":null,"ip":null,"sign":null,"data":null}
2020-11-10 16:57:23:967 INFO: operator_name,sign
2020-11-10 17:01:24:345 INFO: WebApi-SaveDataAcquisition param from body{"operator_name":null,"operator_time":null,"ip":null,"sign":null,"data":null}
2020-11-10 17:01:24:354 INFO: operator_name,sign
2020-11-10 17:02:04:908 INFO: WebApi-SaveDataAcquisition param from body{"operator_name":null,"operator_time":null,"ip":null,"sign":null,"data":null}
2020-11-10 17:02:04:910 INFO: operator_name,sign
2020-11-10 17:02:20:034 INFO: WebApi-SaveDataAcquisition param from body{"operator_name":null,"operator_time":null,"ip":null,"sign":null,"data":null}
2020-11-10 17:02:21:545 INFO: operator_name,sign
2020-11-10 17:10:08:087 INFO: WebApi-SaveDataAcquisition param from body{"operator_name":"WebApi","operator_time":null,"ip":null,"sign":"77167ABFE31A7268","data":[{"id":null,"DeviceName":null,"DeviceRunStatus":null,"DeviceUrl":null,"DeviceLndicatorLight":null,"TodayOutput":null,"TodayJiadong":0.0,"SpindleSpeed":null,"FeedSpeed":null,"SpindleRatio":null,"FeedRatio":null,"LoadRatio":null,"CreationTime":null,"IsEffective":null}]}
2020-11-10 17:30:49:039 INFO: WebApi-SaveDataAcquisition param from body{"operator_name":"WebApi","operator_time":null,"ip":null,"sign":"77167ABFE31A7268","strdata":"[{\"id\":null,\"DeviceName\":\"CNC1发那科999\",\"DeviceRunStatus\":\"运行中\",\"DeviceUrl\":\"\",\"DeviceLndicatorLight\":\"yellow\",\"TodayOutput\":10,\"TodayJiadong\":10.0,\"SpindleSpeed\":10,\"FeedSpeed\":10,\"SpindleRatio\":10,\"FeedRatio\":10,\"LoadRatio\":10,\"CreationTime\":null,\"IsEffective\":null}]","data":null}
2020-11-10 17:31:31:038 ERROR: 索引(从零开始)必须大于或等于零，且小于参数列表的大小。
2020-11-10 17:31:36:048 ERROR: {"id":null,"DeviceName":"CNC1发那科999","DeviceRunStatus":"运行中","DeviceUrl":"","DeviceLndicatorLight":"yellow","TodayOutput":10,"TodayJiadong":10.0,"SpindleSpeed":10,"FeedSpeed":10,"SpindleRatio":10,"FeedRatio":10,"LoadRatio":10,"CreationTime":null,"IsEffective":null}
2020-11-10 17:31:52:228 INFO: WebApi-SaveDataAcquisition param from body{"operator_name":"WebApi","operator_time":null,"ip":null,"sign":"77167ABFE31A7268","strdata":"[{\"id\":null,\"DeviceName\":\"CNC1发那科999\",\"DeviceRunStatus\":\"运行中\",\"DeviceUrl\":\"\",\"DeviceLndicatorLight\":\"yellow\",\"TodayOutput\":10,\"TodayJiadong\":10.0,\"SpindleSpeed\":10,\"FeedSpeed\":10,\"SpindleRatio\":10,\"FeedRatio\":10,\"LoadRatio\":10,\"CreationTime\":null,\"IsEffective\":null}]","data":null}
2020-11-10 17:37:32:193 INFO: WebApi-SaveDataAcquisition param from body{"operator_name":"WebApi","operator_time":null,"ip":null,"sign":"77167ABFE31A7268","strdata":"[{\"id\":null,\"DeviceName\":\"CNC1发那科999\",\"DeviceRunStatus\":\"运行中\",\"DeviceUrl\":\"\",\"DeviceLndicatorLight\":\"yellow\",\"TodayOutput\":10,\"TodayJiadong\":10.0,\"SpindleSpeed\":10,\"FeedSpeed\":10,\"SpindleRatio\":10,\"FeedRatio\":10,\"LoadRatio\":10,\"CreationTime\":null,\"IsEffective\":null}]","data":null}
2020-11-10 17:38:55:782 INFO: WebApi-SaveDataAcquisition param from body{"operator_name":"WebApi","operator_time":null,"ip":null,"sign":"77167ABFE31A7268","strdata":"[{\"id\":null,\"DeviceName\":\"CNC2发那科888\",\"DeviceRunStatus\":\"宕机\",\"DeviceUrl\":\"\",\"DeviceLndicatorLight\":\"red\",\"TodayOutput\":10,\"TodayJiadong\":10.0,\"SpindleSpeed\":10,\"FeedSpeed\":10,\"SpindleRatio\":10,\"FeedRatio\":10,\"LoadRatio\":10,\"CreationTime\":null,\"IsEffective\":null},{\"id\":null,\"DeviceName\":\"CNC2发那科888\",\"DeviceRunStatus\":\"宕机\",\"DeviceUrl\":\"\",\"DeviceLndicatorLight\":\"red\",\"TodayOutput\":10,\"TodayJiadong\":10.0,\"SpindleSpeed\":10,\"FeedSpeed\":10,\"SpindleRatio\":10,\"FeedRatio\":10,\"LoadRatio\":10,\"CreationTime\":null,\"IsEffective\":null}]","data":null}
